#
# A fatal error has been detected by the Java Runtime Environment:
#
#  Internal Error (javaClasses.cpp:129), pid=10032, tid=9080
#  fatal error: Invalid layout of preloaded class
#
# JRE version: 7.0_17-b02
# Java VM: Java HotSpot(TM) Client VM (23.7-b01 mixed mode windows-x86 )
# Failed to write core dump. Minidumps are not enabled by default on client versions of Windows
#
# If you would like to submit a bug report, please visit:
#   http://bugreport.sun.com/bugreport/crash.jsp
#

---------------  T H R E A D  ---------------

Current thread (0x01c2bc00):  JavaThread "Unknown thread" [_thread_in_vm, id=9080, stack(0x002b0000,0x00300000)]

Stack: [0x002b0000,0x00300000],  sp=0x002ff9ac,  free space=318k
Native frames: (J=compiled Java code, j=interpreted, Vv=VM code, C=native code)
V  [jvm.dll+0x16f261]
V  [jvm.dll+0x1693d6]
V  [jvm.dll+0x2079f]
V  [jvm.dll+0x20826]
V  [jvm.dll+0x2e5bd]
V  [jvm.dll+0x2e869]
V  [jvm.dll+0x77ba1]
V  [jvm.dll+0x77f5b]
V  [jvm.dll+0x1290e1]
V  [jvm.dll+0x149b3a]
V  [jvm.dll+0xa98df]
C  [javaw.exe+0x13ca]
C  [javaw.exe+0x1e3c]
C  [javaw.exe+0xa5a1]
C  [javaw.exe+0xa62b]
C  [kernel32.dll+0x4ed5c]  BaseThreadInitThunk+0x12
C  [ntdll.dll+0x637eb]  RtlInitializeExceptionChain+0xef
C  [ntdll.dll+0x637be]  RtlInitializeExceptionChain+0xc2


---------------  P R O C E S S  ---------------

Java Threads: ( => current thread )

Other Threads:

=>0x01c2bc00 (exited) JavaThread "Unknown thread" [_thread_in_vm, id=9080, stack(0x002b0000,0x00300000)]

VM state:not at safepoint (not fully initialized)

VM Mutex/Monitor currently owned by a thread: None

GC Heap History (0 events):
No events

Deoptimization events (0 events):
No events

Internal exceptions (0 events):
No events

Events (10 events):
Event: 0.018 loading class 0x01a53f88 done
Event: 0.019 loading class 0x01a52548 done
Event: 0.019 loading class 0x01a52520
Event: 0.019 loading class 0x01a8c3f8
Event: 0.019 loading class 0x01a8c3f8 done
Event: 0.019 loading class 0x01a8c430
Event: 0.019 loading class 0x01a8c430 done
Event: 0.019 loading class 0x01a82858
Event: 0.019 loading class 0x01a82858 done
Event: 0.019 loading class 0x01a52520 done


Dynamic libraries:
0x00260000 - 0x0028f000 	C:\Program Files\Java\jre7\bin\javaw.exe
0x77730000 - 0x7786c000 	C:\Windows\SYSTEM32\ntdll.dll
0x773f0000 - 0x774c4000 	C:\Windows\system32\kernel32.dll
0x75a80000 - 0x75acb000 	C:\Windows\system32\KERNELBASE.dll
0x76840000 - 0x768e0000 	C:\Windows\system32\ADVAPI32.dll
0x77290000 - 0x7733c000 	C:\Windows\system32\msvcrt.dll
0x76ae0000 - 0x76af9000 	C:\Windows\SYSTEM32\sechost.dll
0x77340000 - 0x773e2000 	C:\Windows\system32\RPCRT4.dll
0x76dd0000 - 0x76e99000 	C:\Windows\system32\USER32.dll
0x770a0000 - 0x770ee000 	C:\Windows\system32\GDI32.dll
0x77880000 - 0x7788a000 	C:\Windows\system32\LPK.dll
0x774d0000 - 0x7756d000 	C:\Windows\system32\USP10.dll
0x746d0000 - 0x7486e000 	C:\Windows\WinSxS\x86_microsoft.windows.common-controls_6595b64144ccf1df_6.0.7601.17514_none_41e6975e2bd6f2b2\COMCTL32.dll
0x77570000 - 0x775c7000 	C:\Windows\system32\SHLWAPI.dll
0x76db0000 - 0x76dcf000 	C:\Windows\system32\IMM32.DLL
0x77890000 - 0x7795c000 	C:\Windows\system32\MSCTF.dll
0x5bca0000 - 0x5bd5e000 	C:\Program Files\Java\jre7\bin\msvcr100.dll
0x59d90000 - 0x5a0dc000 	C:\Program Files\Java\jre7\bin\client\jvm.dll
0x6df10000 - 0x6df17000 	C:\Windows\system32\WSOCK32.dll
0x768e0000 - 0x76915000 	C:\Windows\system32\WS2_32.dll
0x75ad0000 - 0x75ad6000 	C:\Windows\system32\NSI.dll
0x73ce0000 - 0x73d12000 	C:\Windows\system32\WINMM.dll
0x76b50000 - 0x76b55000 	C:\Windows\system32\PSAPI.DLL
0x71ab0000 - 0x71abc000 	C:\Program Files\Java\jre7\bin\verify.dll
0x69930000 - 0x69950000 	C:\Program Files\Java\jre7\bin\java.dll
0x697f0000 - 0x69803000 	C:\Program Files\Java\jre7\bin\zip.dll
0x713f0000 - 0x714db000 	C:\Windows\system32\dbghelp.dll

VM Arguments:
jvm_args: -Dfile.encoding=GBK -Xbootclasspath:D:\Program Files\android\adt-bundle-windows-x86-20130219\sdk\platforms\android-10\android.jar 
java_command: com.health.pc300.PC300
Launcher Type: SUN_STANDARD

Environment Variables:
JAVA_HOME=C:\Program Files\Java\jdk1.7.0_17
CLASSPATH=.;C:\Program Files\Java\jdk1.7.0_17\lib;C:\Program Files\Java\jdk1.7.0_17\lib\tools.jar;C:\Program Files\KDiff3\kdiff3.exe
PATH=C:/Program Files/Java/jre7/bin/client;C:/Program Files/Java/jre7/bin;C:/Program Files/Java/jre7/lib/i386;D:\Program Files\Clementine\bin\;C:\Python27\Lib\site-packages\PyQt4;C:\Windows\system32;C:\Windows;C:\Windows\System32\Wbem;C:\Windows\System32\WindowsPowerShell\v1.0\;C:\Program Files\Java\jdk1.7.0_17\bin;C:\Program Files\Java\jdk1.7.0_17\jre\bin;C:\Program Files\EditPlus 3;D:\Program Files\android\adt-bundle-windows-x86-20130219\sdk\tools;D:\Program Files\android\adt-bundle-windows-x86-20130219\sdk\platform-tools;D:\Program Files\matlab\runtime\win32;D:\Program Files\matlab\bin;C:\Program Files\Microsoft SQL Server\100\Tools\Binn\;C:\Program Files\Microsoft SQL Server\100\DTS\Binn\;D:\Program Files\python 2.7;C:\Python27;C:\Python27\DLLs;C:\Python27\Scripts;C:\Python27\Lib\site-packages\vtk;C:\Python27\gnuplot\binary;D:\Program Files\pythonxy\SciTE-3.2.2-1;D:\Program Files\pythonxy\console;C:\MinGW32-xy\bin;C:\Program Files\Java\apache-maven-3.1.0\bin;C:\Program Files\Java\lenskit-2.0\bin;D:\Program Files\android\adt-bundle-windows-x86-20130219\eclipse;
USERNAME=Administrator
OS=Windows_NT
PROCESSOR_IDENTIFIER=x86 Family 6 Model 23 Stepping 10, GenuineIntel



---------------  S Y S T E M  ---------------

OS: Windows 7 Build 7601 Service Pack 1

CPU:total 4 (4 cores per cpu, 1 threads per core) family 6 model 23 stepping 10, cmov, cx8, fxsr, mmx, sse, sse2, sse3, ssse3, sse4.1, tsc

Memory: 4k page, physical 3668472k(903296k free), swap 7335192k(3485380k free)

vm_info: Java HotSpot(TM) Client VM (23.7-b01) for windows-x86 JRE (1.7.0_17-b02), built on Mar  1 2013 05:04:36 by "java_re" with unknown MS VC++:1600

time: Fri Oct 18 20:41:08 2013
elapsed time: 0 seconds

